Using pre-set license
Built from '2020.3/staging' branch; Version is '2020.3.23f1 (c5d91304a876) revision 12966163'; Using compiler version '192528614'; Build Type 'Release'
OS: 'Windows 10 Pro; OS build 19042.1348; Version 2009; 64bit' Language: 'ko' Physical Memory: 16296 MB
BatchMode: 1, IsHumanControllingUs: 0, StartBugReporterOnCrash: 0, Is64bit: 1, IsPro: 0

COMMAND LINE ARGUMENTS:
C:\Program Files\Unity\Hub\Editor\2020.3.23f1\Editor\Unity.exe
-adb2
-batchMode
-noUpm
-name
AssetImportWorker0
-projectPath
C:/Users/UserK/Desktop/GeoStrike/GeoStrike
-logFile
Logs/AssetImportWorker0.log
-srvPort
13931
Successfully changed project path to: C:/Users/UserK/Desktop/GeoStrike/GeoStrike
C:/Users/UserK/Desktop/GeoStrike/GeoStrike
Using Asset Import Pipeline V2.
Refreshing native plugins compatible for Editor in 32.86 ms, found 3 plugins.
Preloading 0 native plugins for Editor in 0.00 ms.
Initialize engine version: 2020.3.23f1 (c5d91304a876)
[Subsystems] Discovering subsystems at path C:/Program Files/Unity/Hub/Editor/2020.3.23f1/Editor/Data/Resources/UnitySubsystems
[Subsystems] Discovering subsystems at path C:/Users/UserK/Desktop/GeoStrike/GeoStrike/Assets
GfxDevice: creating device client; threaded=0
Direct3D:
    Version:  Direct3D 11.0 [level 11.1]
    Renderer: NVIDIA GeForce RTX 3080 (ID=0x2206)
    Vendor:   
    VRAM:     10077 MB
    Driver:   27.21.14.5671
Initialize mono
Mono path[0] = 'C:/Program Files/Unity/Hub/Editor/2020.3.23f1/Editor/Data/Managed'
Mono path[1] = 'C:/Program Files/Unity/Hub/Editor/2020.3.23f1/Editor/Data/MonoBleedingEdge/lib/mono/unityjit'
Mono config path = 'C:/Program Files/Unity/Hub/Editor/2020.3.23f1/Editor/Data/MonoBleedingEdge/etc'
Using monoOptions --debugger-agent=transport=dt_socket,embedding=1,server=y,suspend=n,address=127.0.0.1:56564
Begin MonoManager ReloadAssembly
Registering precompiled unity dll's ...
Register platform support module: C:/Program Files/Unity/Hub/Editor/2020.3.23f1/Editor/Data/PlaybackEngines/WindowsStandaloneSupport/UnityEditor.WindowsStandalone.Extensions.dll
Registered in 0.001117 seconds.
Native extension for WindowsStandalone target not found
Refreshing native plugins compatible for Editor in 32.18 ms, found 3 plugins.
Preloading 0 native plugins for Editor in 0.00 ms.
Mono: successfully reloaded assembly
- Completed reload, in  0.385 seconds
Domain Reload Profiling:
	ReloadAssembly (385ms)
		BeginReloadAssembly (41ms)
			ExecutionOrderSort (0ms)
			DisableScriptedObjects (0ms)
			BackupInstance (0ms)
			ReleaseScriptingObjects (0ms)
			CreateAndSetChildDomain (0ms)
		EndReloadAssembly (296ms)
			LoadAssemblies (41ms)
			RebuildTransferFunctionScriptingTraits (0ms)
			SetupTypeCache (92ms)
			ReleaseScriptCaches (0ms)
			RebuildScriptCaches (18ms)
			SetupLoadedEditorAssemblies (118ms)
				LogAssemblyErrors (0ms)
				InitializePlatformSupportModulesInManaged (3ms)
				SetLoadedEditorAssemblies (0ms)
				RefreshPlugins (32ms)
				BeforeProcessingInitializeOnLoad (11ms)
				ProcessInitializeOnLoadAttributes (53ms)
				ProcessInitializeOnLoadMethodAttributes (18ms)
				AfterProcessingInitializeOnLoad (0ms)
				EditorAssembliesLoaded (0ms)
			ExecutionOrderSort2 (0ms)
			AwakeInstancesAfterBackupRestoration (0ms)
Platform modules already initialized, skipping
Registering precompiled user dll's ...
Registered in 0.003149 seconds.
Begin MonoManager ReloadAssembly
Native extension for WindowsStandalone target not found
Refreshing native plugins compatible for Editor in 31.87 ms, found 3 plugins.
Preloading 0 native plugins for Editor in 0.00 ms.
Mono: successfully reloaded assembly
- Completed reload, in  0.730 seconds
Domain Reload Profiling:
	ReloadAssembly (731ms)
		BeginReloadAssembly (98ms)
			ExecutionOrderSort (0ms)
			DisableScriptedObjects (3ms)
			BackupInstance (0ms)
			ReleaseScriptingObjects (0ms)
			CreateAndSetChildDomain (16ms)
		EndReloadAssembly (595ms)
			LoadAssemblies (73ms)
			RebuildTransferFunctionScriptingTraits (0ms)
			SetupTypeCache (184ms)
			ReleaseScriptCaches (1ms)
			RebuildScriptCaches (33ms)
			SetupLoadedEditorAssemblies (233ms)
				LogAssemblyErrors (0ms)
				InitializePlatformSupportModulesInManaged (3ms)
				SetLoadedEditorAssemblies (0ms)
				RefreshPlugins (32ms)
				BeforeProcessingInitializeOnLoad (55ms)
				ProcessInitializeOnLoadAttributes (129ms)
				ProcessInitializeOnLoadMethodAttributes (12ms)
				AfterProcessingInitializeOnLoad (3ms)
				EditorAssembliesLoaded (0ms)
			ExecutionOrderSort2 (0ms)
			AwakeInstancesAfterBackupRestoration (4ms)
Platform modules already initialized, skipping
========================================================================
Worker process is ready to serve import requests
Launched and connected shader compiler UnityShaderCompiler.exe after 0.03 seconds
Refreshing native plugins compatible for Editor in 0.52 ms, found 3 plugins.
Preloading 0 native plugins for Editor in 0.00 ms.
Unloading 2253 Unused Serialized files (Serialized files now loaded: 0)
System memory in use before: 98.2 MB.
System memory in use after: 98.3 MB.

Unloading 28 unused Assets to reduce memory usage. Loaded Objects now: 2689.
Total: 3.295200 ms (FindLiveObjects: 0.223000 ms CreateObjectMapping: 0.062400 ms MarkObjects: 2.951600 ms  DeleteObjects: 0.057300 ms)

AssetImportParameters requested are different than current active one (requested -> active):
  custom:framework-win-MediaFoundation: 216162199b28c13a410421893ffa2e32 -> 
  custom:video-decoder-ogg-theora: a1e56fd34408186e4bbccfd4996cb3dc -> 
  custom:container-muxer-webm: aa71ff27fc2769a1b78a27578f13a17b -> 
  custom:container-demuxer-webm: 4f35f7cbe854078d1ac9338744f61a02 -> 
  custom:container-demuxer-ogg: 62fdf1f143b41e24485cea50d1cbac27 -> 
  custom:video-encoder-webm-vp8: eb34c28f22e8b96e1ab97ce403110664 -> 
  custom:video-decoder-webm-vp8: 9c59270c3fd7afecdb556c50c9e8de78 -> 
  custom:audio-decoder-ogg-vorbis: bf7c407c2cedff20999df2af8eb42d56 -> 
  custom:audio-encoder-webm-vorbis: bf7c407c2cedff20999df2af8eb42d56 -> 
========================================================================
Received Import Request.
  path: Assets/Scripts/AutoMoveCamera.cs
  artifactKey: Guid(9b1598fceda89e44d85825f71ac82224) Importer(815301076,1909f56bfc062723c751e8b465ee728b)
Start importing Assets/Scripts/AutoMoveCamera.cs using Guid(9b1598fceda89e44d85825f71ac82224) Importer(815301076,1909f56bfc062723c751e8b465ee728b)  -> (artifact id: '824d7bb21fe5929a127ed19703614a2e') in 0.024784 seconds 
  Import took 0.027730 seconds .

========================================================================
Received Import Request.
  Time since last request: 0.000156 seconds.
  path: Assets/Scripts/Unit/UnitCreator.cs
  artifactKey: Guid(6e47b21eb35cbf14ab57ffd257f798c0) Importer(815301076,1909f56bfc062723c751e8b465ee728b)
Start importing Assets/Scripts/Unit/UnitCreator.cs using Guid(6e47b21eb35cbf14ab57ffd257f798c0) Importer(815301076,1909f56bfc062723c751e8b465ee728b)  -> (artifact id: '0bcc57762723d2b0b0be6250ac71f193') in 0.001674 seconds 
  Import took 0.003848 seconds .

========================================================================
Received Import Request.
  Time since last request: 0.000125 seconds.
  path: Assets/Scripts/Unit/TranslocateField.cs
  artifactKey: Guid(9b7032439a6d7de4aab3ecdcb915505a) Importer(815301076,1909f56bfc062723c751e8b465ee728b)
Start importing Assets/Scripts/Unit/TranslocateField.cs using Guid(9b7032439a6d7de4aab3ecdcb915505a) Importer(815301076,1909f56bfc062723c751e8b465ee728b)  -> (artifact id: '4d3a1549c4f203b0a73e35201b197226') in 0.001414 seconds 
  Import took 0.003091 seconds .

========================================================================
Received Import Request.
  Time since last request: 0.344925 seconds.
  path: Assets/Scripts/UI/Timer.cs
  artifactKey: Guid(8fda57ffd82fc704f90e21df195d33e6) Importer(815301076,1909f56bfc062723c751e8b465ee728b)
Start importing Assets/Scripts/UI/Timer.cs using Guid(8fda57ffd82fc704f90e21df195d33e6) Importer(815301076,1909f56bfc062723c751e8b465ee728b)  -> (artifact id: '7c5c022155f47cd3961f448afa9098e0') in 0.002165 seconds 
  Import took 0.005274 seconds .

========================================================================
Received Import Request.
  Time since last request: 0.360716 seconds.
  path: Assets/Scripts/UI/TetrominoSlotContainer.cs
  artifactKey: Guid(d10c8b69afa813b46b6577162b0ecbd5) Importer(815301076,1909f56bfc062723c751e8b465ee728b)
Start importing Assets/Scripts/UI/TetrominoSlotContainer.cs using Guid(d10c8b69afa813b46b6577162b0ecbd5) Importer(815301076,1909f56bfc062723c751e8b465ee728b)  -> (artifact id: 'e5bf1dbca9ceb14cd5e8cbd8e69c4f0d') in 0.002840 seconds 
  Import took 0.005917 seconds .

========================================================================
Received Import Request.
  Time since last request: 0.410147 seconds.
  path: Assets/Scripts/UI/TetrominoSlot.cs
  artifactKey: Guid(5d3bf37b6b2a6114299d6fe272940e32) Importer(815301076,1909f56bfc062723c751e8b465ee728b)
Start importing Assets/Scripts/UI/TetrominoSlot.cs using Guid(5d3bf37b6b2a6114299d6fe272940e32) Importer(815301076,1909f56bfc062723c751e8b465ee728b)  -> (artifact id: 'd573746e84120d116e7ef7317a8543b9') in 0.002747 seconds 
  Import took 0.005614 seconds .

========================================================================
Received Import Request.
  Time since last request: 0.478661 seconds.
  path: Assets/Scripts/UI/MouseController.cs
  artifactKey: Guid(461133a2cb5eb9a41a29cc832b50da60) Importer(815301076,1909f56bfc062723c751e8b465ee728b)
Start importing Assets/Scripts/UI/MouseController.cs using Guid(461133a2cb5eb9a41a29cc832b50da60) Importer(815301076,1909f56bfc062723c751e8b465ee728b)  -> (artifact id: 'f3d0015b1ba391c1915e9f4543ee8357') in 0.002292 seconds 
  Import took 0.005441 seconds .

========================================================================
Received Import Request.
  Time since last request: 0.917007 seconds.
  path: Assets/Scripts/UI/CameraController.cs
  artifactKey: Guid(0247fedc7c421b240bba56cb657de317) Importer(815301076,1909f56bfc062723c751e8b465ee728b)
Start importing Assets/Scripts/UI/CameraController.cs using Guid(0247fedc7c421b240bba56cb657de317) Importer(815301076,1909f56bfc062723c751e8b465ee728b)  -> (artifact id: '63003a5d9c6086d419204a34bfeb9166') in 0.001824 seconds 
  Import took 0.005161 seconds .

========================================================================
Received Import Request.
  Time since last request: 31.743333 seconds.
  path: Assets/Scripts/Pool.cs
  artifactKey: Guid(6e4af38117996f844a46da7dc66271a9) Importer(815301076,1909f56bfc062723c751e8b465ee728b)
Start importing Assets/Scripts/Pool.cs using Guid(6e4af38117996f844a46da7dc66271a9) Importer(815301076,1909f56bfc062723c751e8b465ee728b)  -> (artifact id: '2feada9d4dbe907d40e3812e2de9388d') in 0.001880 seconds 
  Import took 0.004921 seconds .

========================================================================
Received Import Request.
  Time since last request: 0.923233 seconds.
  path: Assets/Scripts/Detector.cs
  artifactKey: Guid(9c3d1f4355e417346ab93ceeeb496ae8) Importer(815301076,1909f56bfc062723c751e8b465ee728b)
Start importing Assets/Scripts/Detector.cs using Guid(9c3d1f4355e417346ab93ceeeb496ae8) Importer(815301076,1909f56bfc062723c751e8b465ee728b)  -> (artifact id: '06931eb218e8e0e8fb1a85d44f52db8c') in 0.001814 seconds 
  Import took 0.004715 seconds .

AssetImportWorkerClient::OnTransportError - code=2 error=End of file
