Using pre-set license
Built from '2020.3/staging' branch; Version is '2020.3.23f1 (c5d91304a876) revision 12966163'; Using compiler version '192528614'; Build Type 'Release'
OS: 'Windows 10 Pro; OS build 19044.1147; Version 2009; 64bit' Language: 'ko' Physical Memory: 16298 MB
BatchMode: 1, IsHumanControllingUs: 0, StartBugReporterOnCrash: 0, Is64bit: 1, IsPro: 0

COMMAND LINE ARGUMENTS:
C:\Program Files\Unity\Hub\Editor\2020.3.23f1\Editor\Unity.exe
-adb2
-batchMode
-noUpm
-name
AssetImportWorker0
-projectPath
C:/Users/User/Desktop/GeoStrike/이현직 폴더/GeoStrike_UnitAnimations
-logFile
Logs/AssetImportWorker0.log
-srvPort
50413
Successfully changed project path to: C:/Users/User/Desktop/GeoStrike/이현직 폴더/GeoStrike_UnitAnimations
C:/Users/User/Desktop/GeoStrike/이현직 폴더/GeoStrike_UnitAnimations
Using Asset Import Pipeline V2.
Refreshing native plugins compatible for Editor in 34.63 ms, found 3 plugins.
Preloading 0 native plugins for Editor in 0.00 ms.
Initialize engine version: 2020.3.23f1 (c5d91304a876)
[Subsystems] Discovering subsystems at path C:/Program Files/Unity/Hub/Editor/2020.3.23f1/Editor/Data/Resources/UnitySubsystems
[Subsystems] Discovering subsystems at path C:/Users/User/Desktop/GeoStrike/이현직 폴더/GeoStrike_UnitAnimations/Assets
GfxDevice: creating device client; threaded=0
Direct3D:
    Version:  Direct3D 11.0 [level 11.1]
    Renderer: NVIDIA GeForce GTX 1660 SUPER (ID=0x21c4)
    Vendor:   
    VRAM:     5991 MB
    Driver:   27.21.14.5671
Initialize mono
Mono path[0] = 'C:/Program Files/Unity/Hub/Editor/2020.3.23f1/Editor/Data/Managed'
Mono path[1] = 'C:/Program Files/Unity/Hub/Editor/2020.3.23f1/Editor/Data/MonoBleedingEdge/lib/mono/unityjit'
Mono config path = 'C:/Program Files/Unity/Hub/Editor/2020.3.23f1/Editor/Data/MonoBleedingEdge/etc'
Using monoOptions --debugger-agent=transport=dt_socket,embedding=1,server=y,suspend=n,address=127.0.0.1:56544
Begin MonoManager ReloadAssembly
Registering precompiled unity dll's ...
Register platform support module: C:/Program Files/Unity/Hub/Editor/2020.3.23f1/Editor/Data/PlaybackEngines/WindowsStandaloneSupport/UnityEditor.WindowsStandalone.Extensions.dll
Registered in 0.000732 seconds.
Native extension for WindowsStandalone target not found
Refreshing native plugins compatible for Editor in 35.31 ms, found 3 plugins.
Preloading 0 native plugins for Editor in 0.00 ms.
Mono: successfully reloaded assembly
- Completed reload, in  0.433 seconds
Domain Reload Profiling:
	ReloadAssembly (433ms)
		BeginReloadAssembly (36ms)
			ExecutionOrderSort (0ms)
			DisableScriptedObjects (0ms)
			BackupInstance (0ms)
			ReleaseScriptingObjects (0ms)
			CreateAndSetChildDomain (1ms)
		EndReloadAssembly (346ms)
			LoadAssemblies (35ms)
			RebuildTransferFunctionScriptingTraits (0ms)
			SetupTypeCache (115ms)
			ReleaseScriptCaches (0ms)
			RebuildScriptCaches (24ms)
			SetupLoadedEditorAssemblies (131ms)
				LogAssemblyErrors (0ms)
				InitializePlatformSupportModulesInManaged (3ms)
				SetLoadedEditorAssemblies (0ms)
				RefreshPlugins (35ms)
				BeforeProcessingInitializeOnLoad (6ms)
				ProcessInitializeOnLoadAttributes (64ms)
				ProcessInitializeOnLoadMethodAttributes (22ms)
				AfterProcessingInitializeOnLoad (0ms)
				EditorAssembliesLoaded (0ms)
			ExecutionOrderSort2 (0ms)
			AwakeInstancesAfterBackupRestoration (0ms)
Platform modules already initialized, skipping
Registering precompiled user dll's ...
Registered in 0.001897 seconds.
Begin MonoManager ReloadAssembly
Native extension for WindowsStandalone target not found
Refreshing native plugins compatible for Editor in 35.99 ms, found 3 plugins.
Preloading 0 native plugins for Editor in 0.00 ms.
Mono: successfully reloaded assembly
- Completed reload, in  0.864 seconds
Domain Reload Profiling:
	ReloadAssembly (864ms)
		BeginReloadAssembly (107ms)
			ExecutionOrderSort (0ms)
			DisableScriptedObjects (4ms)
			BackupInstance (0ms)
			ReleaseScriptingObjects (0ms)
			CreateAndSetChildDomain (15ms)
		EndReloadAssembly (713ms)
			LoadAssemblies (64ms)
			RebuildTransferFunctionScriptingTraits (0ms)
			SetupTypeCache (240ms)
			ReleaseScriptCaches (0ms)
			RebuildScriptCaches (43ms)
			SetupLoadedEditorAssemblies (262ms)
				LogAssemblyErrors (0ms)
				InitializePlatformSupportModulesInManaged (2ms)
				SetLoadedEditorAssemblies (0ms)
				RefreshPlugins (36ms)
				BeforeProcessingInitializeOnLoad (48ms)
				ProcessInitializeOnLoadAttributes (158ms)
				ProcessInitializeOnLoadMethodAttributes (15ms)
				AfterProcessingInitializeOnLoad (2ms)
				EditorAssembliesLoaded (0ms)
			ExecutionOrderSort2 (0ms)
			AwakeInstancesAfterBackupRestoration (5ms)
Platform modules already initialized, skipping
========================================================================
Worker process is ready to serve import requests
Launched and connected shader compiler UnityShaderCompiler.exe after 0.02 seconds
Refreshing native plugins compatible for Editor in 0.51 ms, found 3 plugins.
Preloading 0 native plugins for Editor in 0.00 ms.
Unloading 2195 Unused Serialized files (Serialized files now loaded: 0)
System memory in use before: 95.9 MB.
System memory in use after: 96.0 MB.

Unloading 28 unused Assets to reduce memory usage. Loaded Objects now: 2630.
Total: 3.917500 ms (FindLiveObjects: 0.294100 ms CreateObjectMapping: 0.127400 ms MarkObjects: 3.413000 ms  DeleteObjects: 0.082000 ms)

AssetImportParameters requested are different than current active one (requested -> active):
  custom:framework-win-MediaFoundation: 216162199b28c13a410421893ffa2e32 -> 
  custom:video-decoder-ogg-theora: a1e56fd34408186e4bbccfd4996cb3dc -> 
  custom:container-muxer-webm: aa71ff27fc2769a1b78a27578f13a17b -> 
  custom:container-demuxer-webm: 4f35f7cbe854078d1ac9338744f61a02 -> 
  custom:container-demuxer-ogg: 62fdf1f143b41e24485cea50d1cbac27 -> 
  custom:video-encoder-webm-vp8: eb34c28f22e8b96e1ab97ce403110664 -> 
  custom:video-decoder-webm-vp8: 9c59270c3fd7afecdb556c50c9e8de78 -> 
  custom:audio-decoder-ogg-vorbis: bf7c407c2cedff20999df2af8eb42d56 -> 
  custom:audio-encoder-webm-vorbis: bf7c407c2cedff20999df2af8eb42d56 -> 
========================================================================
Received Import Request.
  path: Assets/Prefabs
  artifactKey: Guid(68cfdae522d882946bf849b1c68831c8) Importer(815301076,1909f56bfc062723c751e8b465ee728b)
Start importing Assets/Prefabs using Guid(68cfdae522d882946bf849b1c68831c8) Importer(815301076,1909f56bfc062723c751e8b465ee728b)  -> (artifact id: 'c3a8e4eaf1d86196d3580e0546c98a4c') in 0.003412 seconds 
  Import took 0.005799 seconds .

========================================================================
Received Import Request.
  Time since last request: 3.648654 seconds.
  path: Assets/Prefabs/RedTeam
  artifactKey: Guid(92c481f8b3e73594b8486ff14e3565e7) Importer(815301076,1909f56bfc062723c751e8b465ee728b)
Start importing Assets/Prefabs/RedTeam using Guid(92c481f8b3e73594b8486ff14e3565e7) Importer(815301076,1909f56bfc062723c751e8b465ee728b)  -> (artifact id: '02a195658d1cd947fbb76c481a5dbdd1') in 0.001415 seconds 
  Import took 0.004549 seconds .

========================================================================
Received Import Request.
  Time since last request: 7.803459 seconds.
  path: Assets/Prefabs/BuleTeam
  artifactKey: Guid(b08a965c68f805d4ab2f8b23cdc9a137) Importer(815301076,1909f56bfc062723c751e8b465ee728b)
Start importing Assets/Prefabs/BuleTeam using Guid(b08a965c68f805d4ab2f8b23cdc9a137) Importer(815301076,1909f56bfc062723c751e8b465ee728b)  -> (artifact id: 'e25f2db6fc748bb89ddd77e5510bf132') in 0.000904 seconds 
  Import took 0.004235 seconds .

========================================================================
Received Import Request.
  Time since last request: 31.341383 seconds.
  path: Assets/Prefabs/RedTeam/Unit_RedTeam_Sword_Animation_0.prefab
  artifactKey: Guid(57e819a92beef934e8781074d24d1c15) Importer(815301076,1909f56bfc062723c751e8b465ee728b)
Start importing Assets/Prefabs/RedTeam/Unit_RedTeam_Sword_Animation_0.prefab using Guid(57e819a92beef934e8781074d24d1c15) Importer(815301076,1909f56bfc062723c751e8b465ee728b)  -> (artifact id: '2295148f710404ff0bb37e067582fdd9') in 0.082831 seconds 
  Import took 0.086018 seconds .

========================================================================
Received Import Request.
  Time since last request: 3.136345 seconds.
  path: Assets/Prefabs/RedTeam/Unit_RedTeam_Shield_Animation_0.prefab
  artifactKey: Guid(c215ac6f9023c0744b1091a281d2fe42) Importer(815301076,1909f56bfc062723c751e8b465ee728b)
Start importing Assets/Prefabs/RedTeam/Unit_RedTeam_Shield_Animation_0.prefab using Guid(c215ac6f9023c0744b1091a281d2fe42) Importer(815301076,1909f56bfc062723c751e8b465ee728b)  -> (artifact id: '13e1ee3ac5912c1629c04f4b7f01f630') in 0.006769 seconds 
  Import took 0.009812 seconds .

========================================================================
Received Import Request.
  Time since last request: 3.701004 seconds.
  path: Assets/Prefabs/RedTeam/Unit_RedTeam_Shooter_Animation_0.prefab
  artifactKey: Guid(40dc1e70509de2d418cec8731fbf5e2a) Importer(815301076,1909f56bfc062723c751e8b465ee728b)
Start importing Assets/Prefabs/RedTeam/Unit_RedTeam_Shooter_Animation_0.prefab using Guid(40dc1e70509de2d418cec8731fbf5e2a) Importer(815301076,1909f56bfc062723c751e8b465ee728b)  -> (artifact id: '67d5790fd3e899aa5c684e529398cd9c') in 0.008602 seconds 
  Import took 0.011531 seconds .

========================================================================
Received Import Request.
  Time since last request: 9.096817 seconds.
  path: Assets/Prefabs/RedTeam/Unit_RedTeam_DeBuffer_Animation_0.prefab
  artifactKey: Guid(4ca7c6a7a22e2b948a8745f1747a64f0) Importer(815301076,1909f56bfc062723c751e8b465ee728b)
Start importing Assets/Prefabs/RedTeam/Unit_RedTeam_DeBuffer_Animation_0.prefab using Guid(4ca7c6a7a22e2b948a8745f1747a64f0) Importer(815301076,1909f56bfc062723c751e8b465ee728b)  -> (artifact id: '015fd9dfe153008ac2d720d39683fdcf') in 0.007360 seconds 
  Import took 0.010478 seconds .

========================================================================
Received Import Request.
  Time since last request: 3.018713 seconds.
  path: Assets/Prefabs/RedTeam/Unit_RedTeam_Sword_Animation.prefab
  artifactKey: Guid(57e819a92beef934e8781074d24d1c15) Importer(815301076,1909f56bfc062723c751e8b465ee728b)
Start importing Assets/Prefabs/RedTeam/Unit_RedTeam_Sword_Animation.prefab using Guid(57e819a92beef934e8781074d24d1c15) Importer(815301076,1909f56bfc062723c751e8b465ee728b)  -> (artifact id: '2f118198c0546afd8c2f7fd5a947a5d3') in 0.007473 seconds 
  Import took 0.010417 seconds .

========================================================================
Received Import Request.
  Time since last request: 2.551349 seconds.
  path: Assets/Prefabs/RedTeam/Unit_RedTeam_Shooter_Animation.prefab
  artifactKey: Guid(40dc1e70509de2d418cec8731fbf5e2a) Importer(815301076,1909f56bfc062723c751e8b465ee728b)
Start importing Assets/Prefabs/RedTeam/Unit_RedTeam_Shooter_Animation.prefab using Guid(40dc1e70509de2d418cec8731fbf5e2a) Importer(815301076,1909f56bfc062723c751e8b465ee728b)  -> (artifact id: '62252200419ca24001dfb1a2bea2f3fe') in 0.006310 seconds 
  Import took 0.009272 seconds .

========================================================================
Received Import Request.
  Time since last request: 3.264668 seconds.
  path: Assets/Prefabs/RedTeam/Unit_RedTeam_Shield_Animation.prefab
  artifactKey: Guid(c215ac6f9023c0744b1091a281d2fe42) Importer(815301076,1909f56bfc062723c751e8b465ee728b)
Start importing Assets/Prefabs/RedTeam/Unit_RedTeam_Shield_Animation.prefab using Guid(c215ac6f9023c0744b1091a281d2fe42) Importer(815301076,1909f56bfc062723c751e8b465ee728b)  -> (artifact id: '6776705ed5f18ffd863f48beb0fc2f82') in 0.008111 seconds 
  Import took 0.011042 seconds .

========================================================================
Received Import Request.
  Time since last request: 2.308779 seconds.
  path: Assets/Prefabs/RedTeam/Unit_RedTeam_DeBuffer_Animation.prefab
  artifactKey: Guid(4ca7c6a7a22e2b948a8745f1747a64f0) Importer(815301076,1909f56bfc062723c751e8b465ee728b)
Start importing Assets/Prefabs/RedTeam/Unit_RedTeam_DeBuffer_Animation.prefab using Guid(4ca7c6a7a22e2b948a8745f1747a64f0) Importer(815301076,1909f56bfc062723c751e8b465ee728b)  -> (artifact id: '2e66bf9eeddab45b291500af912fd485') in 0.006307 seconds 
  Import took 0.009214 seconds .

========================================================================
Received Import Request.
  Time since last request: 69.667552 seconds.
  path: Assets/Art/GeoUnit/BuleTeam/Unit_BuleTeam_DeBuffer_Animation.png
  artifactKey: Guid(93de3ac7415b82a459bdfe1e4e986159) Importer(815301076,1909f56bfc062723c751e8b465ee728b)
Start importing Assets/Art/GeoUnit/BuleTeam/Unit_BuleTeam_DeBuffer_Animation.png using Guid(93de3ac7415b82a459bdfe1e4e986159) Importer(815301076,1909f56bfc062723c751e8b465ee728b)  -> (artifact id: 'da9bf27a45d254c9ef4ec3216c564043') in 0.123814 seconds 
  Import took 0.126727 seconds .

========================================================================
Received Import Request.
  Time since last request: 0.561387 seconds.
  path: Assets/Art/GeoUnit/BuleTeam/Unit_BuleTeam_Buffer_Animation.png
  artifactKey: Guid(69c6b9e35f8c79942ab9fb00900c74e1) Importer(815301076,1909f56bfc062723c751e8b465ee728b)
Start importing Assets/Art/GeoUnit/BuleTeam/Unit_BuleTeam_Buffer_Animation.png using Guid(69c6b9e35f8c79942ab9fb00900c74e1) Importer(815301076,1909f56bfc062723c751e8b465ee728b)  -> (artifact id: 'cb8b9f28d296b585345fb7f19e626a3c') in 0.040126 seconds 
  Import took 0.046769 seconds .

========================================================================
Received Import Request.
  Time since last request: 1.120868 seconds.
  path: Assets/Art/UI/UI_upgrade.png
  artifactKey: Guid(83ccd9a507fd7104ea39bb2a7c7b01d2) Importer(815301076,1909f56bfc062723c751e8b465ee728b)
Start importing Assets/Art/UI/UI_upgrade.png using Guid(83ccd9a507fd7104ea39bb2a7c7b01d2) Importer(815301076,1909f56bfc062723c751e8b465ee728b)  -> (artifact id: 'd0fe447409f9fae7358074fea901a718') in 0.009240 seconds 
  Import took 0.015837 seconds .

========================================================================
Received Import Request.
  Time since last request: 0.000230 seconds.
  path: Assets/Art/UI/UI_정보창.png
  artifactKey: Guid(a64cee4acbfcbda42b21b808035a456e) Importer(815301076,1909f56bfc062723c751e8b465ee728b)
Start importing Assets/Art/UI/UI_정보창.png using Guid(a64cee4acbfcbda42b21b808035a456e) Importer(815301076,1909f56bfc062723c751e8b465ee728b)  -> (artifact id: '083b175bb3d8e0ad16211c1e1bb93ccb') in 0.011809 seconds 
  Import took 0.014379 seconds .

========================================================================
Received Import Request.
  Time since last request: 20.186875 seconds.
  path: Assets/Prefabs/RedTeam/Unit_RedTeam_Buffer_Animation.prefab
  artifactKey: Guid(c1b773219744696468870ed7ccbb6a19) Importer(815301076,1909f56bfc062723c751e8b465ee728b)
Start importing Assets/Prefabs/RedTeam/Unit_RedTeam_Buffer_Animation.prefab using Guid(c1b773219744696468870ed7ccbb6a19) Importer(815301076,1909f56bfc062723c751e8b465ee728b)  -> (artifact id: 'fc67d210d1e4eac2ab3a4e91930e8781') in 0.006940 seconds 
  Import took 0.010154 seconds .

========================================================================
Received Import Request.
  Time since last request: 2.922406 seconds.
  path: Assets/Prefabs/BuleTeam/Unit_BuleTeam_Sword_Animation.prefab
  artifactKey: Guid(cd262d2b60db6d34c86137ad5a472eca) Importer(815301076,1909f56bfc062723c751e8b465ee728b)
Start importing Assets/Prefabs/BuleTeam/Unit_BuleTeam_Sword_Animation.prefab using Guid(cd262d2b60db6d34c86137ad5a472eca) Importer(815301076,1909f56bfc062723c751e8b465ee728b)  -> (artifact id: 'e1c9eb2bf7e86dd08a8239e4af43fded') in 0.007833 seconds 
  Import took 0.010716 seconds .

========================================================================
Received Import Request.
  Time since last request: 3.186983 seconds.
  path: Assets/Prefabs/BuleTeam/Unit_BuleTeam_Shield_Animation.prefab
  artifactKey: Guid(0ea57d51833bd384fa3a09ea55c5ffd1) Importer(815301076,1909f56bfc062723c751e8b465ee728b)
Start importing Assets/Prefabs/BuleTeam/Unit_BuleTeam_Shield_Animation.prefab using Guid(0ea57d51833bd384fa3a09ea55c5ffd1) Importer(815301076,1909f56bfc062723c751e8b465ee728b)  -> (artifact id: '656237f9e967527f7c436c2571ce862b') in 0.007173 seconds 
  Import took 0.010273 seconds .

========================================================================
Received Import Request.
  Time since last request: 2.196249 seconds.
  path: Assets/Prefabs/BuleTeam/Unit_BuleTeam_Buffer_Animation_0.prefab
  artifactKey: Guid(e657d6afcc4927f4297e4c552237b510) Importer(815301076,1909f56bfc062723c751e8b465ee728b)
Start importing Assets/Prefabs/BuleTeam/Unit_BuleTeam_Buffer_Animation_0.prefab using Guid(e657d6afcc4927f4297e4c552237b510) Importer(815301076,1909f56bfc062723c751e8b465ee728b)  -> (artifact id: 'f5f668680363e51f14e2ce1c17230a1e') in 0.006280 seconds 
  Import took 0.009272 seconds .

========================================================================
Received Import Request.
  Time since last request: 2.444273 seconds.
  path: Assets/Prefabs/BuleTeam/Unit_BuleTeam_DeBuffer_Animation.prefab
  artifactKey: Guid(24d4c9a0a065aff479ade18bf8616e4d) Importer(815301076,1909f56bfc062723c751e8b465ee728b)
Start importing Assets/Prefabs/BuleTeam/Unit_BuleTeam_DeBuffer_Animation.prefab using Guid(24d4c9a0a065aff479ade18bf8616e4d) Importer(815301076,1909f56bfc062723c751e8b465ee728b)  -> (artifact id: '630e4c422124387f8e05b94b34a67868') in 0.007426 seconds 
  Import took 0.010793 seconds .

========================================================================
Received Prepare
Registering precompiled user dll's ...
Registered in 0.001850 seconds.
Begin MonoManager ReloadAssembly
Native extension for WindowsStandalone target not found
Refreshing native plugins compatible for Editor in 0.44 ms, found 3 plugins.
Preloading 0 native plugins for Editor in 0.00 ms.
Mono: successfully reloaded assembly
- Completed reload, in  0.756 seconds
Domain Reload Profiling:
	ReloadAssembly (756ms)
		BeginReloadAssembly (98ms)
			ExecutionOrderSort (0ms)
			DisableScriptedObjects (5ms)
			BackupInstance (0ms)
			ReleaseScriptingObjects (0ms)
			CreateAndSetChildDomain (30ms)
		EndReloadAssembly (615ms)
			LoadAssemblies (62ms)
			RebuildTransferFunctionScriptingTraits (0ms)
			SetupTypeCache (227ms)
			ReleaseScriptCaches (1ms)
			RebuildScriptCaches (33ms)
			SetupLoadedEditorAssemblies (212ms)
				LogAssemblyErrors (0ms)
				InitializePlatformSupportModulesInManaged (3ms)
				SetLoadedEditorAssemblies (0ms)
				RefreshPlugins (0ms)
				BeforeProcessingInitializeOnLoad (43ms)
				ProcessInitializeOnLoadAttributes (154ms)
				ProcessInitializeOnLoadMethodAttributes (9ms)
				AfterProcessingInitializeOnLoad (2ms)
				EditorAssembliesLoaded (0ms)
			ExecutionOrderSort2 (0ms)
			AwakeInstancesAfterBackupRestoration (7ms)
Platform modules already initialized, skipping
Refreshing native plugins compatible for Editor in 0.36 ms, found 3 plugins.
Preloading 0 native plugins for Editor in 0.00 ms.
Unloading 2184 Unused Serialized files (Serialized files now loaded: 0)
System memory in use before: 98.4 MB.
System memory in use after: 98.5 MB.

Unloading 17 unused Assets to reduce memory usage. Loaded Objects now: 2647.
Total: 2.286900 ms (FindLiveObjects: 0.177200 ms CreateObjectMapping: 0.081400 ms MarkObjects: 1.998200 ms  DeleteObjects: 0.029500 ms)

AssetImportParameters requested are different than current active one (requested -> active):
  custom:framework-win-MediaFoundation: 216162199b28c13a410421893ffa2e32 -> 
  custom:video-decoder-ogg-theora: a1e56fd34408186e4bbccfd4996cb3dc -> 
  custom:container-muxer-webm: aa71ff27fc2769a1b78a27578f13a17b -> 
  custom:container-demuxer-webm: 4f35f7cbe854078d1ac9338744f61a02 -> 
  custom:container-demuxer-ogg: 62fdf1f143b41e24485cea50d1cbac27 -> 
  custom:video-encoder-webm-vp8: eb34c28f22e8b96e1ab97ce403110664 -> 
  custom:video-decoder-webm-vp8: 9c59270c3fd7afecdb556c50c9e8de78 -> 
  custom:audio-decoder-ogg-vorbis: bf7c407c2cedff20999df2af8eb42d56 -> 
  custom:audio-encoder-webm-vorbis: bf7c407c2cedff20999df2af8eb42d56 -> 
========================================================================
Received Import Request.
  Time since last request: 532.422848 seconds.
  path: Assets/Prefabs/RedTeam/Unit_RedTeam_Sword_Animation.prefab
  artifactKey: Guid(57e819a92beef934e8781074d24d1c15) Importer(815301076,1909f56bfc062723c751e8b465ee728b)
Start importing Assets/Prefabs/RedTeam/Unit_RedTeam_Sword_Animation.prefab using Guid(57e819a92beef934e8781074d24d1c15) Importer(815301076,1909f56bfc062723c751e8b465ee728b)  -> (artifact id: '4ec5fda252ae2c78af6a8a2148390c99') in 0.044023 seconds 
  Import took 0.047517 seconds .

========================================================================
Received Import Request.
  Time since last request: 3.455941 seconds.
  path: Assets/Prefabs/RedTeam/Unit_RedTeam_Shield_Animation.prefab
  artifactKey: Guid(c215ac6f9023c0744b1091a281d2fe42) Importer(815301076,1909f56bfc062723c751e8b465ee728b)
Start importing Assets/Prefabs/RedTeam/Unit_RedTeam_Shield_Animation.prefab using Guid(c215ac6f9023c0744b1091a281d2fe42) Importer(815301076,1909f56bfc062723c751e8b465ee728b)  -> (artifact id: '2f8cc2f536d7618a83a5118049729a16') in 0.007594 seconds 
  Import took 0.010526 seconds .

========================================================================
Received Import Request.
  Time since last request: 2.985166 seconds.
  path: Assets/Prefabs/RedTeam/Unit_RedTeam_Shooter_Animation.prefab
  artifactKey: Guid(40dc1e70509de2d418cec8731fbf5e2a) Importer(815301076,1909f56bfc062723c751e8b465ee728b)
Start importing Assets/Prefabs/RedTeam/Unit_RedTeam_Shooter_Animation.prefab using Guid(40dc1e70509de2d418cec8731fbf5e2a) Importer(815301076,1909f56bfc062723c751e8b465ee728b)  -> (artifact id: 'a926beefd89cddeca4091070cfde55d9') in 0.007272 seconds 
  Import took 0.010182 seconds .

========================================================================
Received Import Request.
  Time since last request: 2.821648 seconds.
  path: Assets/Prefabs/RedTeam/Unit_RedTeam_DeBuffer_Animation.prefab
  artifactKey: Guid(4ca7c6a7a22e2b948a8745f1747a64f0) Importer(815301076,1909f56bfc062723c751e8b465ee728b)
Start importing Assets/Prefabs/RedTeam/Unit_RedTeam_DeBuffer_Animation.prefab using Guid(4ca7c6a7a22e2b948a8745f1747a64f0) Importer(815301076,1909f56bfc062723c751e8b465ee728b)  -> (artifact id: 'ffb0ceccb3c9114d97a978f69a35374d') in 0.007014 seconds 
  Import took 0.010121 seconds .

========================================================================
Received Import Request.
  Time since last request: 3.109601 seconds.
  path: Assets/Prefabs/RedTeam/Unit_RedTeam_Buffer_Animation.prefab
  artifactKey: Guid(c1b773219744696468870ed7ccbb6a19) Importer(815301076,1909f56bfc062723c751e8b465ee728b)
Start importing Assets/Prefabs/RedTeam/Unit_RedTeam_Buffer_Animation.prefab using Guid(c1b773219744696468870ed7ccbb6a19) Importer(815301076,1909f56bfc062723c751e8b465ee728b)  -> (artifact id: 'eaba3e4963526fa5d7db43fb55bd95df') in 0.006945 seconds 
  Import took 0.009861 seconds .

========================================================================
Received Import Request.
  Time since last request: 5.061828 seconds.
  path: Assets/Prefabs/BuleTeam/Unit_BuleTeam_Sword_Animation.prefab
  artifactKey: Guid(cd262d2b60db6d34c86137ad5a472eca) Importer(815301076,1909f56bfc062723c751e8b465ee728b)
Start importing Assets/Prefabs/BuleTeam/Unit_BuleTeam_Sword_Animation.prefab using Guid(cd262d2b60db6d34c86137ad5a472eca) Importer(815301076,1909f56bfc062723c751e8b465ee728b)  -> (artifact id: 'c7172caf5bfbb26eff23170955842b23') in 0.008385 seconds 
  Import took 0.011388 seconds .

========================================================================
Received Import Request.
  Time since last request: 2.527562 seconds.
  path: Assets/Prefabs/BuleTeam/Unit_BuleTeam_Shield_Animation.prefab
  artifactKey: Guid(0ea57d51833bd384fa3a09ea55c5ffd1) Importer(815301076,1909f56bfc062723c751e8b465ee728b)
Start importing Assets/Prefabs/BuleTeam/Unit_BuleTeam_Shield_Animation.prefab using Guid(0ea57d51833bd384fa3a09ea55c5ffd1) Importer(815301076,1909f56bfc062723c751e8b465ee728b)  -> (artifact id: 'f2ef5929a2e7c4a1cb5620c247f8dc3b') in 0.007562 seconds 
  Import took 0.010660 seconds .

========================================================================
Received Import Request.
  Time since last request: 2.851958 seconds.
  path: Assets/Prefabs/BuleTeam/Unit_BuleTeam_Buffer_Animation_0.prefab
  artifactKey: Guid(e657d6afcc4927f4297e4c552237b510) Importer(815301076,1909f56bfc062723c751e8b465ee728b)
Start importing Assets/Prefabs/BuleTeam/Unit_BuleTeam_Buffer_Animation_0.prefab using Guid(e657d6afcc4927f4297e4c552237b510) Importer(815301076,1909f56bfc062723c751e8b465ee728b)  -> (artifact id: '8afbf42e79f88881d38996547e6869d4') in 0.010631 seconds 
  Import took 0.013599 seconds .

========================================================================
Received Import Request.
  Time since last request: 2.633589 seconds.
  path: Assets/Prefabs/BuleTeam/Unit_BuleTeam_DeBuffer_Animation.prefab
  artifactKey: Guid(24d4c9a0a065aff479ade18bf8616e4d) Importer(815301076,1909f56bfc062723c751e8b465ee728b)
Start importing Assets/Prefabs/BuleTeam/Unit_BuleTeam_DeBuffer_Animation.prefab using Guid(24d4c9a0a065aff479ade18bf8616e4d) Importer(815301076,1909f56bfc062723c751e8b465ee728b)  -> (artifact id: '8a538610784a5666a7859f8f83ef1c25') in 0.006949 seconds 
  Import took 0.009995 seconds .

AssetImportWorkerClient::OnTransportError - code=2 error=End of file
